<?xml version="1.0" encoding="UTF-8"?><testsuite errors="1" failures="0" name="Academy Choucair" skipped="0" tests="1" time="27.74" timestamp="2022-05-27 11:56:23"><testcase name="Search for a automation course"><error message="element click intercepted: Element &lt;input class=&quot;gNO89b&quot; value=&quot;Buscar con Google&quot; aria-label=&quot;Buscar con Google&quot; name=&quot;btnK&quot; role=&quot;button&quot; tabindex=&quot;0&quot; type=&quot;submit&quot; data-ved=&quot;0ahUKEwjMybuEk4D4AhU0rmoFHSuYATAQ4dUDCAs&quot;&gt; is not clickable at point (594, 335). Other element would receive the click: &lt;span&gt;...&lt;/span&gt;&#10;  (Session info: chrome=101.0.4951.64)&#10;Build info: version: '3.141.59', revision: 'e82be7d358', time: '2018-11-14T08:17:03'&#10;System info: host: 'roberto16-MS-7C09', ip: '127.0.1.1', os.name: 'Linux', os.arch: 'amd64', os.version: '5.13.0-44-generic', java.version: '1.8.0_312'&#10;Driver info: org.openqa.selenium.chrome.ChromeDriver&#10;Capabilities {acceptInsecureCerts: false, browserName: chrome, browserVersion: 101.0.4951.64, chrome: {chromedriverVersion: 101.0.4951.64 (d1daa9897e1b..., userDataDir: /tmp/.org.chromium.Chromium...}, goog:chromeOptions: {debuggerAddress: localhost:38519}, javascriptEnabled: true, networkConnectionEnabled: false, pageLoadStrategy: normal, platform: LINUX, platformName: LINUX, proxy: Proxy(), setWindowRect: true, strictFileInteractability: false, timeouts: {implicit: 0, pageLoad: 300000, script: 30000}, unhandledPromptBehavior: dismiss and notify, webauthn:extension:credBlob: true, webauthn:extension:largeBlob: true, webauthn:virtualAuthenticators: true}&#10;Session ID: 24f6dfec6580dca538ec3026b2bbfe8a" type="org.openqa.selenium.ElementClickInterceptedException">element click intercepted: Element &lt;input class="gNO89b" value="Buscar con Google" aria-label="Buscar con Google" name="btnK" role="button" tabindex="0" type="submit" data-ved="0ahUKEwjMybuEk4D4AhU0rmoFHSuYATAQ4dUDCAs"&gt; is not clickable at point (594, 335). Other element would receive the click: &lt;span&gt;...&lt;/span&gt;
  (Session info: chrome=101.0.4951.64)
Build info: version: '3.141.59', revision: 'e82be7d358', time: '2018-11-14T08:17:03'
System info: host: 'roberto16-MS-7C09', ip: '127.0.1.1', os.name: 'Linux', os.arch: 'amd64', os.version: '5.13.0-44-generic', java.version: '1.8.0_312'
Driver info: org.openqa.selenium.chrome.ChromeDriver
Capabilities {acceptInsecureCerts: false, browserName: chrome, browserVersion: 101.0.4951.64, chrome: {chromedriverVersion: 101.0.4951.64 (d1daa9897e1b..., userDataDir: /tmp/.org.chromium.Chromium...}, goog:chromeOptions: {debuggerAddress: localhost:38519}, javascriptEnabled: true, networkConnectionEnabled: false, pageLoadStrategy: normal, platform: LINUX, platformName: LINUX, proxy: Proxy(), setWindowRect: true, strictFileInteractability: false, timeouts: {implicit: 0, pageLoad: 300000, script: 30000}, unhandledPromptBehavior: dismiss and notify, webauthn:extension:credBlob: true, webauthn:extension:largeBlob: true, webauthn:virtualAuthenticators: true}
Session ID: 24f6dfec6580dca538ec3026b2bbfe8a</error><system-err>element click intercepted: Element &lt;input class="gNO89b" value="Buscar con Google" aria-label="Buscar con Google" name="btnK" role="button" tabindex="0" type="submit" data-ved="0ahUKEwjMybuEk4D4AhU0rmoFHSuYATAQ4dUDCAs"&gt; is not clickable at point (594, 335). Other element would receive the click: &lt;span&gt;...&lt;/span&gt;
  (Session info: chrome=101.0.4951.64)
Build info: version: '3.141.59', revision: 'e82be7d358', time: '2018-11-14T08:17:03'
System info: host: 'roberto16-MS-7C09', ip: '127.0.1.1', os.name: 'Linux', os.arch: 'amd64', os.version: '5.13.0-44-generic', java.version: '1.8.0_312'
Driver info: org.openqa.selenium.chrome.ChromeDriver
Capabilities {acceptInsecureCerts: false, browserName: chrome, browserVersion: 101.0.4951.64, chrome: {chromedriverVersion: 101.0.4951.64 (d1daa9897e1b..., userDataDir: /tmp/.org.chromium.Chromium...}, goog:chromeOptions: {debuggerAddress: localhost:38519}, javascriptEnabled: true, networkConnectionEnabled: false, pageLoadStrategy: normal, platform: LINUX, platformName: LINUX, proxy: Proxy(), setWindowRect: true, strictFileInteractability: false, timeouts: {implicit: 0, pageLoad: 300000, script: 30000}, unhandledPromptBehavior: dismiss and notify, webauthn:extension:credBlob: true, webauthn:extension:largeBlob: true, webauthn:virtualAuthenticators: true}
Session ID: 24f6dfec6580dca538ec3026b2bbfe8a
co.com.choucair.certification.Guias_Tecnicas.tasks.Login.performAs(Login.java:30)
co.com.choucair.certification.Guias_Tecnicas.stepdefinitions.ChoucairAcademyStepDefintions.thanBrandoWantsToLearnAutomationAtTheAcademyChoucair(ChoucairAcademyStepDefintions.java:26)
cucumber.runner.Runner.runPickle(Runner.java:80)
worker.org.gradle.process.internal.worker.GradleWorkerMain.run(GradleWorkerMain.java:69)
worker.org.gradle.process.internal.worker.GradleWorkerMain.main(GradleWorkerMain.java:74)
</system-err></testcase></testsuite>